\BOOKMARK [0][-]{chapter.1}{Setting up paPAM}{}% 1
\BOOKMARK [1][-]{section.1.1}{MATLAB}{chapter.1}% 2
\BOOKMARK [1][-]{section.1.2}{MATLAB Compiler Runtime}{chapter.1}% 3
\BOOKMARK [2][-]{subsection.1.2.1}{Using MCR on OSX and Linux}{section.1.2}% 4
\BOOKMARK [0][-]{chapter.2}{Using paPAM}{}% 5
\BOOKMARK [1][-]{section.2.1}{Receiver Calibration files}{chapter.2}% 6
\BOOKMARK [1][-]{section.2.2}{User Interface}{chapter.2}% 7
\BOOKMARK [2][-]{subsection.2.2.1}{Input}{section.2.2}% 8
\BOOKMARK [2][-]{subsection.2.2.2}{Recorder Calibration}{section.2.2}% 9
\BOOKMARK [2][-]{subsection.2.2.3}{Analysis Options}{section.2.2}% 10
\BOOKMARK [2][-]{subsection.2.2.4}{Window Settings}{section.2.2}% 11
\BOOKMARK [2][-]{subsection.2.2.5}{Time Stamp}{section.2.2}% 12
\BOOKMARK [2][-]{subsection.2.2.6}{Batch Processing Options}{section.2.2}% 13
\BOOKMARK [2][-]{subsection.2.2.7}{Settings Profile}{section.2.2}% 14
\BOOKMARK [2][-]{subsection.2.2.8}{Execute}{section.2.2}% 15
\BOOKMARK [2][-]{subsection.2.2.9}{Figure Options}{section.2.2}% 16
\BOOKMARK [2][-]{subsection.2.2.10}{Tools}{section.2.2}% 17
\BOOKMARK [1][-]{section.2.3}{Bandpass Filters}{chapter.2}% 18
\BOOKMARK [0][-]{chapter.3}{Analysis Types}{}% 19
\BOOKMARK [1][-]{section.3.1}{PSD}{chapter.3}% 20
\BOOKMARK [1][-]{section.3.2}{Impulse}{chapter.3}% 21
\BOOKMARK [1][-]{section.3.3}{Broadband}{chapter.3}% 22
\BOOKMARK [0][-]{chapter.4}{Advanced features}{}% 23
\BOOKMARK [1][-]{section.4.1}{Memory Issues}{chapter.4}% 24
\BOOKMARK [0][-]{chapter.5}{paPAM Calculator}{}% 25
\BOOKMARK [1][-]{section.5.1}{Intro and Setup}{chapter.5}% 26
\BOOKMARK [1][-]{section.5.2}{Interface}{chapter.5}% 27
\BOOKMARK [1][-]{section.5.3}{Equations}{chapter.5}% 28
